<?xml version="1.0" encoding="UTF-8" ?>
<testsuite errors="1" failures="0" hostname="Achiever-PC" name="bounty_note_test1.MainActivityTest" tests="1" time="0.1" timestamp="2014-01-19T08:13:21">
  <properties>
    <property name="java.vendor" value="Oracle Corporation" />
    <property name="sun.java.launcher" value="SUN_STANDARD" />
    <property name="eclipse.pdebuild.templates" value="/E:/eclipse-standard-kepler-SR1-win32/eclipse/plugins/org.eclipse.pde.build_3.8.100.v20130514-1028/templates/" />
    <property name="sun.management.compiler" value="HotSpot Client Compiler" />
    <property name="os.name" value="Windows 7" />
    <property name="sun.boot.class.path" value="C:\Program Files\Java\jdk1.7.0_02\jre\lib\resources.jar;C:\Program Files\Java\jdk1.7.0_02\jre\lib\rt.jar;C:\Program Files\Java\jdk1.7.0_02\jre\lib\sunrsasign.jar;C:\Program Files\Java\jdk1.7.0_02\jre\lib\jsse.jar;C:\Program Files\Java\jdk1.7.0_02\jre\lib\jce.jar;C:\Program Files\Java\jdk1.7.0_02\jre\lib\charsets.jar;C:\Program Files\Java\jdk1.7.0_02\jre\classes" />
    <property name="TODAY" value="January 19 2014" />
    <property name="sun.desktop" value="windows" />
    <property name="java.vm.specification.vendor" value="Oracle Corporation" />
    <property name="ant.home" value="E:\eclipse-standard-kepler-SR1-win32\eclipse\plugins\org.apache.ant_1.8.4.v201303080030" />
    <property name="test.project.build.dir" value="./test/bin/" />
    <property name="java.runtime.version" value="1.7.0_02-b13" />
    <property name="user.name" value="Achiever" />
    <property name="user.language" value="en" />
    <property name="test.report.dir" value="./test-reports/" />
    <property name="sun.boot.library.path" value="C:\Program Files\Java\jdk1.7.0_02\jre\bin" />
    <property name="android.project.classpath" value="./bin/classes/" />
    <property name="ant.project.default-target" value="test" />
    <property name="ant.project.name" value="bounty_note_test" />
    <property name="DSTAMP" value="20140119" />
    <property name="java.version" value="1.7.0_02" />
    <property name="user.timezone" value="" />
    <property name="sun.arch.data.model" value="32" />
    <property name="ant.file.bounty_note_test" value="C:\Users\Achiever\git\Bounty-Android-Notes\BountyNotes\build.xml" />
    <property name="java.endorsed.dirs" value="C:\Program Files\Java\jdk1.7.0_02\jre\lib\endorsed" />
    <property name="sun.cpu.isalist" value="pentium_pro+mmx pentium_pro pentium+mmx pentium i486 i386 i86" />
    <property name="sun.jnu.encoding" value="Cp1252" />
    <property name="file.encoding.pkg" value="sun.io" />
    <property name="file.separator" value="\" />
    <property name="java.specification.name" value="Java Platform API Specification" />
    <property name="test.html.dir" value="./test-report-html/" />
    <property name="java.class.version" value="51.0" />
    <property name="test.project.libs.dir" value="./test/libs/" />
    <property name="user.country" value="US" />
    <property name="java.home" value="C:\Program Files\Java\jdk1.7.0_02\jre" />
    <property name="java.vm.info" value="mixed mode, sharing" />
    <property name="ant.file" value="C:\Users\Achiever\git\Bounty-Android-Notes\BountyNotes\build.xml" />
    <property name="os.version" value="6.1" />
    <property name="path.separator" value=";" />
    <property name="java.vm.version" value="22.0-b10" />
    <property name="user.variant" value="" />
    <property name="ant.library.dir" value="E:\eclipse-standard-kepler-SR1-win32\eclipse\plugins\org.apache.ant_1.8.4.v201303080030\lib" />
    <property name="java.awt.printerjob" value="sun.awt.windows.WPrinterJob" />
    <property name="sun.io.unicode.encoding" value="UnicodeLittle" />
    <property name="awt.toolkit" value="sun.awt.windows.WToolkit" />
    <property name="user.script" value="" />
    <property name="eclipse.pdebuild.scripts" value="/E:/eclipse-standard-kepler-SR1-win32/eclipse/plugins/org.eclipse.pde.build_3.8.100.v20130514-1028/scripts/" />
    <property name="user.home" value="C:\Users\Achiever" />
    <property name="ant.file.type.bounty_note_test" value="file" />
    <property name="java.specification.vendor" value="Oracle Corporation" />
    <property name="java.library.path" value="C:\Program Files\Java\jdk1.7.0_02\jre\bin;C:\Windows\Sun\Java\bin;C:\Windows\system32;C:\Windows;C:/Program Files/Java/jre7/bin/client;C:/Program Files/Java/jre7/bin;C:/Program Files/Java/jre7/lib/i386;C:\Program Files\PC Connectivity Solution\;C:\Windows\system32;C:\Windows;C:\Windows\System32\Wbem;C:\Windows\System32\WindowsPowerShell\v1.0\;C:\Program Files\Dell\Dell Wireless WLAN Card;C:\Program Files\WIDCOMM\Bluetooth Software\;C:\Program Files\Microsoft SQL Server\90\Tools\binn\;C:\Program Files\nodejs\;C:\Program Files\Java\jdk1.7.0_02\bin;C:\Users\Achiever\AppData\Roaming\npm;E:\eclipse-standard-kepler-SR1-win32\eclipse;;." />
    <property name="java.vendor.url" value="http://java.oracle.com/" />
    <property name="java.vm.vendor" value="Oracle Corporation" />
    <property name="java.runtime.name" value="Java(TM) SE Runtime Environment" />
    <property name="sun.java.command" value="org.apache.tools.ant.taskdefs.optional.junit.JUnitTestRunner bounty_note_test1.MainActivityTest filtertrace=true haltOnError=false haltOnFailure=false formatter=org.apache.tools.ant.taskdefs.optional.junit.SummaryJUnitResultFormatter showoutput=true outputtoformatters=true logfailedtests=true logtestlistenerevents=false formatter=org.apache.tools.ant.taskdefs.optional.junit.PlainJUnitResultFormatter,C:\Users\Achiever\git\Bounty-Android-Notes\BountyNotes\test-reports\TEST-bounty_note_test1.MainActivityTest.txt formatter=org.apache.tools.ant.taskdefs.optional.junit.XMLJUnitResultFormatter,C:\Users\Achiever\git\Bounty-Android-Notes\BountyNotes\test-reports\TEST-bounty_note_test1.MainActivityTest.xml crashfile=C:\Users\Achiever\git\Bounty-Android-Notes\BountyNotes\junitvmwatcher239540167321750521.properties propsfile=C:\Users\Achiever\git\Bounty-Android-Notes\BountyNotes\junit3855979375899396047.properties" />
    <property name="java.class.path" value="C:\Users\Achiever\git\Bounty-Android-Notes\BountyNotes\test\bin;C:\Users\Achiever\git\Bounty-Android-Notes\BountyNotes\bin\classes;E:\eclipse-standard-kepler-SR1-win32\libs\junit.jar;E:\eclipse-standard-kepler-SR1-win32\eclipse\plugins\org.apache.ant_1.8.4.v201303080030\lib\ant-launcher.jar;E:\eclipse-standard-kepler-SR1-win32\eclipse\plugins\org.apache.ant_1.8.4.v201303080030\lib\ant.jar;E:\eclipse-standard-kepler-SR1-win32\eclipse\plugins\org.apache.ant_1.8.4.v201303080030\lib\ant-junit.jar;E:\eclipse-standard-kepler-SR1-win32\eclipse\plugins\org.apache.ant_1.8.4.v201303080030\lib\ant-junit4.jar" />
    <property name="ant.version" value="Apache Ant(TM) version 1.8.4 compiled on May 22 2012" />
    <property name="TSTAMP" value="1343" />
    <property name="java.vm.specification.name" value="Java Virtual Machine Specification" />
    <property name="java.vm.specification.version" value="1.7" />
    <property name="sun.cpu.endian" value="little" />
    <property name="sun.os.patch.level" value="" />
    <property name="eclipse.pdebuild.home" value="/E:/eclipse-standard-kepler-SR1-win32/eclipse/plugins/org.eclipse.pde.build_3.8.100.v20130514-1028/./" />
    <property name="java.io.tmpdir" value="C:\Users\Achiever\AppData\Local\Temp\" />
    <property name="java.vendor.url.bug" value="http://bugreport.sun.com/bugreport/" />
    <property name="os.arch" value="x86" />
    <property name="java.awt.graphicsenv" value="sun.awt.Win32GraphicsEnvironment" />
    <property name="java.ext.dirs" value="C:\Program Files\Java\jdk1.7.0_02\jre\lib\ext;C:\Windows\Sun\Java\lib\ext" />
    <property name="user.dir" value="C:\Users\Achiever\git\Bounty-Android-Notes\BountyNotes" />
    <property name="line.separator" value="&#xd;&#xa;" />
    <property name="java.vm.name" value="Java HotSpot(TM) Client VM" />
    <property name="test.project.source.dir" value="./test/src/" />
    <property name="basedir" value="C:\Users\Achiever\git\Bounty-Android-Notes\BountyNotes" />
    <property name="ant.java.version" value="1.7" />
    <property name="ant.core.lib" value="E:\eclipse-standard-kepler-SR1-win32\eclipse\plugins\org.apache.ant_1.8.4.v201303080030\lib\ant.jar" />
    <property name="file.encoding" value="Cp1252" />
    <property name="java.specification.version" value="1.7" />
    <property name="ant.project.invoked-targets" value="test" />
  </properties>
  <testcase classname="bounty_note_test1.MainActivityTest" name="initializationError" time="0.01">
    <error message="Type [unknown] not present" type="java.lang.TypeNotPresentException">java.lang.TypeNotPresentException: Type [unknown] not present
	at $Proxy4.value(Unknown Source)
	at java.lang.reflect.Constructor.newInstance(Constructor.java:525)
Caused by: java.lang.NoClassDefFoundError: com/xtremelabs/robolectric/RobolectricTestRunner
	at java.lang.ClassLoader.defineClass1(Native Method)
	at java.lang.ClassLoader.defineClass(ClassLoader.java:791)
	at java.security.SecureClassLoader.defineClass(SecureClassLoader.java:142)
	at java.net.URLClassLoader.defineClass(URLClassLoader.java:449)
	at java.net.URLClassLoader.access$100(URLClassLoader.java:71)
	at java.net.URLClassLoader$1.run(URLClassLoader.java:361)
	at java.net.URLClassLoader$1.run(URLClassLoader.java:355)
	at java.security.AccessController.doPrivileged(Native Method)
	at java.net.URLClassLoader.findClass(URLClassLoader.java:354)
	at java.lang.ClassLoader.loadClass(ClassLoader.java:423)
	at sun.misc.Launcher$AppClassLoader.loadClass(Launcher.java:308)
	at java.lang.ClassLoader.loadClass(ClassLoader.java:356)
	at java.lang.Class.forName0(Native Method)
	at java.lang.Class.forName(Class.java:264)
	at java.lang.Class.initAnnotationsIfNecessary(Class.java:3089)
	at java.lang.Class.getAnnotation(Class.java:3048)
Caused by: java.lang.ClassNotFoundException: com.xtremelabs.robolectric.RobolectricTestRunner
	at java.net.URLClassLoader$1.run(URLClassLoader.java:366)
	at java.net.URLClassLoader$1.run(URLClassLoader.java:355)
	at java.security.AccessController.doPrivileged(Native Method)
	at java.net.URLClassLoader.findClass(URLClassLoader.java:354)
	at java.lang.ClassLoader.loadClass(ClassLoader.java:423)
	at sun.misc.Launcher$AppClassLoader.loadClass(Launcher.java:308)
	at java.lang.ClassLoader.loadClass(ClassLoader.java:356)
</error>
  </testcase>
  <system-out><![CDATA[]]></system-out>
  <system-err><![CDATA[]]></system-err>
</testsuite>
